<?xml version="1.0" encoding="UTF-8"?>
<!-- Generated by org.testng.reporters.JUnitXMLReporter -->
<testsuite ignored="4" hostname="Himanshu-Workspace" failures="0" tests="11" name="GreenKartE2EFlow" time="1.644" errors="0" timestamp="2023-07-03T07:49:34 IST">
  <testcase classname="com.greenkart.tests.HomePageTests" name="validatingURL" time="0.07"/>
  <testcase classname="com.greenkart.tests.HomePageTests" name="validatingTitle" time="0.01"/>
  <testcase classname="com.greenkart.tests.HomePageTests" name="validateItemsOnHomePage" time="0.426"/>
  <testcase classname="com.greenkart.tests.HomePageTests" name="validatingSearchFunctionality" time="0.351"/>
  <testcase classname="com.greenkart.tests.HomePageTests" name="validatingTopDealsLink" time="0.164"/>
  <testcase classname="com.greenkart.tests.HomePageTests" name="validatingFlightBookingLink" time="0.187"/>
  <testcase classname="com.greenkart.tests.HomePageTests" name="validatingCart" time="0.168"/>
  <testcase classname="com.greenkart.tests.TopDealsPageTests" name="switchingToTopDealsPage" time="0.015"/>
  <testcase classname="com.greenkart.tests.TopDealsPageTests" name="validatingURL" time="0.012"/>
  <testcase classname="com.greenkart.tests.TopDealsPageTests" name="validatingTopDealsPageTitle" time="0.011"/>
  <testcase classname="com.greenkart.tests.TopDealsPageTests" name="validatingTopDealsDropdown" time="0.131"/>
  <testcase classname="com.greenkart.driverscript.TestBase" name="@AfterSuite tearDown" time="0.0">
    <ignored/>
  </testcase> <!-- @AfterSuite tearDown -->
  <testcase classname="com.greenkart.driverscript.TestBase" name="@BeforeSuite setup" time="0.0">
    <ignored/>
  </testcase> <!-- @BeforeSuite setup -->
  <testcase classname="com.greenkart.driverscript.TestBase" name="@BeforeSuite setup" time="0.0">
    <ignored/>
  </testcase> <!-- @BeforeSuite setup -->
  <testcase classname="com.greenkart.driverscript.TestBase" name="@AfterSuite tearDown" time="0.0">
    <ignored/>
  </testcase> <!-- @AfterSuite tearDown -->
</testsuite> <!-- GreenKartE2EFlow -->
