<?xml version="1.0" encoding="UTF-8"?>
<!-- Generated by org.testng.reporters.JUnitXMLReporter -->
<testsuite ignored="2" hostname="Himanshu-Workspace" failures="0" tests="5" name="GreenKartE2EFlow" time="1.09" errors="0" timestamp="2023-07-01T21:05:15 IST">
  <testcase classname="com.greenkart.tests.HomePageTests" name="validatingTitle" time="0.057"/>
  <testcase classname="com.greenkart.tests.HomePageTests" name="validateItemsOnHomePage" time="0.374"/>
  <testcase classname="com.greenkart.tests.HomePageTests" name="validatingSearchFunctionality" time="0.213"/>
  <testcase classname="com.greenkart.tests.HomePageTests" name="validatingAddToCartFunctionality" time="0.162"/>
  <testcase classname="com.greenkart.tests.HomePageTests" name="validatingCart" time="0.215"/>
  <testcase classname="com.greenkart.driverscript.TestBase" name="@AfterSuite tearDown" time="0.0">
    <ignored/>
  </testcase> <!-- @AfterSuite tearDown -->
  <testcase classname="com.greenkart.driverscript.TestBase" name="@BeforeSuite setup" time="0.0">
    <ignored/>
  </testcase> <!-- @BeforeSuite setup -->
</testsuite> <!-- GreenKartE2EFlow -->
