<?xml version="1.0" encoding="UTF-8"?>
<testng-results ignored="4" total="15" passed="11" failed="0" skipped="0">
  <reporter-output>
  </reporter-output>
  <suite started-at="2023-07-03T07:49:32 IST" name="AutomationSuite" finished-at="2023-07-03T07:49:34 IST" duration-ms="1644">
    <groups>
    </groups>
    <test started-at="2023-07-03T07:49:32 IST" name="GreenKartE2EFlow" finished-at="2023-07-03T07:49:34 IST" duration-ms="1644">
      <class name="com.greenkart.tests.TopDealsPageTests">
        <test-method signature="switchingToTopDealsPage()[pri:1, instance:com.greenkart.tests.TopDealsPageTests@4c1909a3]" started-at="2023-07-03T07:49:33 IST" name="switchingToTopDealsPage" finished-at="2023-07-03T07:49:33 IST" duration-ms="15" status="PASS">
          <reporter-output>
          </reporter-output>
        </test-method> <!-- switchingToTopDealsPage -->
        <test-method signature="validatingURL()[pri:2, instance:com.greenkart.tests.TopDealsPageTests@4c1909a3]" started-at="2023-07-03T07:49:33 IST" name="validatingURL" finished-at="2023-07-03T07:49:33 IST" duration-ms="12" status="PASS">
          <reporter-output>
          </reporter-output>
        </test-method> <!-- validatingURL -->
        <test-method signature="validatingTopDealsPageTitle()[pri:3, instance:com.greenkart.tests.TopDealsPageTests@4c1909a3]" started-at="2023-07-03T07:49:33 IST" name="validatingTopDealsPageTitle" finished-at="2023-07-03T07:49:33 IST" duration-ms="11" status="PASS">
          <reporter-output>
          </reporter-output>
        </test-method> <!-- validatingTopDealsPageTitle -->
        <test-method signature="validatingTopDealsDropdown()[pri:4, instance:com.greenkart.tests.TopDealsPageTests@4c1909a3]" started-at="2023-07-03T07:49:33 IST" name="validatingTopDealsDropdown" finished-at="2023-07-03T07:49:34 IST" duration-ms="131" status="PASS">
          <reporter-output>
          </reporter-output>
        </test-method> <!-- validatingTopDealsDropdown -->
      </class> <!-- com.greenkart.tests.TopDealsPageTests -->
      <class name="com.greenkart.tests.HomePageTests">
        <test-method signature="validatingURL()[pri:1, instance:com.greenkart.tests.HomePageTests@4b0d79fc]" started-at="2023-07-03T07:49:32 IST" name="validatingURL" finished-at="2023-07-03T07:49:32 IST" duration-ms="70" status="PASS">
          <reporter-output>
          </reporter-output>
        </test-method> <!-- validatingURL -->
        <test-method signature="validatingTitle()[pri:2, instance:com.greenkart.tests.HomePageTests@4b0d79fc]" started-at="2023-07-03T07:49:32 IST" name="validatingTitle" finished-at="2023-07-03T07:49:32 IST" duration-ms="10" status="PASS">
          <reporter-output>
          </reporter-output>
        </test-method> <!-- validatingTitle -->
        <test-method signature="validateItemsOnHomePage()[pri:3, instance:com.greenkart.tests.HomePageTests@4b0d79fc]" started-at="2023-07-03T07:49:32 IST" name="validateItemsOnHomePage" finished-at="2023-07-03T07:49:32 IST" duration-ms="426" status="PASS">
          <reporter-output>
          </reporter-output>
        </test-method> <!-- validateItemsOnHomePage -->
        <test-method signature="validatingSearchFunctionality()[pri:4, instance:com.greenkart.tests.HomePageTests@4b0d79fc]" started-at="2023-07-03T07:49:32 IST" name="validatingSearchFunctionality" finished-at="2023-07-03T07:49:33 IST" duration-ms="351" status="PASS">
          <reporter-output>
          </reporter-output>
        </test-method> <!-- validatingSearchFunctionality -->
        <test-method signature="validatingTopDealsLink()[pri:5, instance:com.greenkart.tests.HomePageTests@4b0d79fc]" started-at="2023-07-03T07:49:33 IST" name="validatingTopDealsLink" finished-at="2023-07-03T07:49:33 IST" duration-ms="164" status="PASS">
          <reporter-output>
          </reporter-output>
        </test-method> <!-- validatingTopDealsLink -->
        <test-method signature="validatingFlightBookingLink()[pri:6, instance:com.greenkart.tests.HomePageTests@4b0d79fc]" started-at="2023-07-03T07:49:33 IST" name="validatingFlightBookingLink" finished-at="2023-07-03T07:49:33 IST" duration-ms="187" status="PASS">
          <reporter-output>
          </reporter-output>
        </test-method> <!-- validatingFlightBookingLink -->
        <test-method signature="validatingCart()[pri:7, instance:com.greenkart.tests.HomePageTests@4b0d79fc]" started-at="2023-07-03T07:49:33 IST" name="validatingCart" finished-at="2023-07-03T07:49:33 IST" duration-ms="168" status="PASS">
          <reporter-output>
          </reporter-output>
        </test-method> <!-- validatingCart -->
      </class> <!-- com.greenkart.tests.HomePageTests -->
      <class name="com.greenkart.driverscript.TestBase">
        <test-method is-config="true" signature="setup()[pri:0, instance:com.greenkart.driverscript.TestBase@3cebbb30]" started-at="2023-07-03T07:49:14 IST" name="setup" finished-at="2023-07-03T07:49:32 IST" duration-ms="17475" status="PASS">
          <reporter-output>
          </reporter-output>
        </test-method> <!-- setup -->
        <test-method is-config="true" signature="tearDown()[pri:0, instance:com.greenkart.driverscript.TestBase@3cebbb30]" started-at="2023-07-03T07:49:34 IST" name="tearDown" finished-at="2023-07-03T07:49:34 IST" duration-ms="222" status="PASS">
          <reporter-output>
          </reporter-output>
        </test-method> <!-- tearDown -->
      </class> <!-- com.greenkart.driverscript.TestBase -->
    </test> <!-- GreenKartE2EFlow -->
  </suite> <!-- AutomationSuite -->
</testng-results>
